<?xml version="1.0" encoding="UTF-8"?>
<coverage generated="1544878570682" clover="3.2.0">
  <project timestamp="1544878570682" name="All files">
    <metrics statements="16" coveredstatements="16" conditionals="10" coveredconditionals="9" methods="1" coveredmethods="1" elements="27" coveredelements="26" complexity="0" loc="16" ncloc="16" packages="3" files="3" classes="3">
      <package name="assets.images">
        <metrics statements="1" coveredstatements="1" conditionals="0" coveredconditionals="0" methods="0" coveredmethods="0"/>
        <file name="add.png" path="/Users/janedoe/react-native-workspace/DatavatarApp/src/assets/images/add.png">
          <metrics statements="1" coveredstatements="1" conditionals="0" coveredconditionals="0" methods="0" coveredmethods="0"/>
          <line num="1" count="1" type="stmt"/>
        </file>
      </package>
      <package name="features.home">
        <metrics statements="6" coveredstatements="6" conditionals="0" coveredconditionals="0" methods="0" coveredmethods="0"/>
        <file name="constant.js" path="/Users/janedoe/react-native-workspace/DatavatarApp/src/features/home/constant.js">
          <metrics statements="6" coveredstatements="6" conditionals="0" coveredconditionals="0" methods="0" coveredmethods="0"/>
          <line num="1" count="1" type="stmt"/>
          <line num="2" count="1" type="stmt"/>
          <line num="3" count="1" type="stmt"/>
          <line num="7" count="1" type="stmt"/>
          <line num="9" count="1" type="stmt"/>
          <line num="12" count="1" type="stmt"/>
        </file>
      </package>
      <package name="features.home.reducers">
        <metrics statements="9" coveredstatements="9" conditionals="10" coveredconditionals="9" methods="1" coveredmethods="1"/>
        <file name="index.js" path="/Users/janedoe/react-native-workspace/DatavatarApp/src/features/home/reducers/index.js">
          <metrics statements="9" coveredstatements="9" conditionals="10" coveredconditionals="9" methods="1" coveredmethods="1"/>
          <line num="1" count="1" type="stmt"/>
          <line num="8" count="1" type="stmt"/>
          <line num="14" count="4" type="cond" truecount="5" falsecount="1"/>
          <line num="15" count="4" type="cond" truecount="4" falsecount="0"/>
          <line num="17" count="1" type="stmt"/>
          <line num="19" count="1" type="stmt"/>
          <line num="21" count="1" type="stmt"/>
          <line num="29" count="1" type="stmt"/>
          <line num="33" count="1" type="stmt"/>
        </file>
      </package>
    </metrics>
  </project>
</coverage>
