{"/Users/janedoe/react-native-workspace/DatavatarApp/src/assets/images/add.png": {"path":"/Users/janedoe/react-native-workspace/DatavatarApp/src/assets/images/add.png","statementMap":{"0":{"start":{"line":1,"column":0},"end":{"line":4,"column":6}}},"fnMap":{},"branchMap":{},"s":{"0":1},"f":{},"b":{},"_coverageSchema":"332fd63041d2c1bcb487cc26dd0d5f7d97098a6c","hash":"e5d42418f34a38fdba1ade78f40068ecc847ef1e"}
,"/Users/janedoe/react-native-workspace/DatavatarApp/src/features/home/constant.js": {"path":"/Users/janedoe/react-native-workspace/DatavatarApp/src/features/home/constant.js","statementMap":{"0":{"start":{"line":1,"column":13},"end":{"line":1,"column":75}},"1":{"start":{"line":1,"column":75},"end":{"line":1,"column":183}},"2":{"start":{"line":1,"column":208},"end":{"line":1,"column":234}},"3":{"start":{"line":1,"column":235},"end":{"line":1,"column":283}},"4":{"start":{"line":2,"column":23},"end":{"line":2,"column":47}},"5":{"start":{"line":2,"column":48},"end":{"line":2,"column":92}},"6":{"start":{"line":3,"column":19},"end":{"line":3,"column":39}},"7":{"start":{"line":3,"column":40},"end":{"line":3,"column":76}},"8":{"start":{"line":7,"column":13},"end":{"line":7,"column":15}},"9":{"start":{"line":9,"column":18},"end":{"line":12,"column":48}},"10":{"start":{"line":12,"column":49},"end":{"line":12,"column":83}}},"fnMap":{},"branchMap":{},"s":{"0":1,"1":1,"2":1,"3":1,"4":1,"5":1,"6":1,"7":1,"8":1,"9":1,"10":1},"f":{},"b":{},"_coverageSchema":"332fd63041d2c1bcb487cc26dd0d5f7d97098a6c","hash":"7b6b0277f6a7569c2cefb893745e150abf06d9d3"}
,"/Users/janedoe/react-native-workspace/DatavatarApp/src/features/home/reducers/index.js": {"path":"/Users/janedoe/react-native-workspace/DatavatarApp/src/features/home/reducers/index.js","statementMap":{"0":{"start":{"line":1,"column":42},"end":{"line":1,"column":97}},"1":{"start":{"line":1,"column":98},"end":{"line":1,"column":160}},"2":{"start":{"line":1,"column":160},"end":{"line":1,"column":185}},"3":{"start":{"line":1,"column":211},"end":{"line":1,"column":286}},"4":{"start":{"line":1,"column":308},"end":{"line":1,"column":378}},"5":{"start":{"line":1,"column":395},"end":{"line":1,"column":417}},"6":{"start":{"line":8,"column":20},"end":{"line":11,"column":21}},"7":{"start":{"line":14,"column":13},"end":{"line":31,"column":1}},"8":{"start":{"line":14,"column":44},"end":{"line":14,"column":125}},"9":{"start":{"line":14,"column":139},"end":{"line":14,"column":186}},"10":{"start":{"line":15,"column":2},"end":{"line":29,"column":20}},"11":{"start":{"line":17,"column":6},"end":{"line":17,"column":87}},"12":{"start":{"line":19,"column":6},"end":{"line":19,"column":91}},"13":{"start":{"line":21,"column":6},"end":{"line":25,"column":42}},"14":{"start":{"line":29,"column":6},"end":{"line":29,"column":19}},"15":{"start":{"line":33,"column":0},"end":{"line":33,"column":6}},"16":{"start":{"line":33,"column":7},"end":{"line":33,"column":34}}},"fnMap":{"0":{"name":"create","decl":{"start":{"line":14,"column":22},"end":{"line":14,"column":28}},"loc":{"start":{"line":14,"column":31},"end":{"line":31,"column":1}},"line":14}},"branchMap":{"0":{"loc":{"start":{"line":14,"column":44},"end":{"line":14,"column":125}},"type":"cond-expr","locations":[{"start":{"line":14,"column":97},"end":{"line":14,"column":109}},{"start":{"line":14,"column":112},"end":{"line":14,"column":125}}],"line":14},"1":{"loc":{"start":{"line":14,"column":44},"end":{"line":14,"column":94}},"type":"binary-expr","locations":[{"start":{"line":14,"column":44},"end":{"line":14,"column":64}},{"start":{"line":14,"column":68},"end":{"line":14,"column":94}}],"line":14},"2":{"loc":{"start":{"line":14,"column":139},"end":{"line":14,"column":186}},"type":"cond-expr","locations":[{"start":{"line":14,"column":162},"end":{"line":14,"column":174}},{"start":{"line":14,"column":177},"end":{"line":14,"column":186}}],"line":14},"3":{"loc":{"start":{"line":15,"column":2},"end":{"line":29,"column":20}},"type":"switch","locations":[{"start":{"line":16,"column":4},"end":{"line":17,"column":87}},{"start":{"line":18,"column":4},"end":{"line":19,"column":91}},{"start":{"line":20,"column":4},"end":{"line":25,"column":42}},{"start":{"line":28,"column":4},"end":{"line":29,"column":19}}],"line":15}},"s":{"0":1,"1":1,"2":1,"3":1,"4":1,"5":1,"6":1,"7":1,"8":4,"9":4,"10":4,"11":1,"12":1,"13":1,"14":1,"15":1,"16":1},"f":{"0":4},"b":{"0":[3,1],"1":[4,4],"2":[4,0],"3":[1,1,1,1]},"_coverageSchema":"332fd63041d2c1bcb487cc26dd0d5f7d97098a6c","hash":"5b9a97192a13c54be1c20e3691319912c73e4774"}
}
