{"/Users/Xou/react_native_workspace/DatavatarApp/config/jtest/mockData.js": {"path":"/Users/Xou/react_native_workspace/DatavatarApp/config/jtest/mockData.js","statementMap":{"0":{"start":{"line":1,"column":13},"end":{"line":1,"column":75}},"1":{"start":{"line":1,"column":75},"end":{"line":1,"column":101}},"2":{"start":{"line":1,"column":116},"end":{"line":8,"column":23}},"3":{"start":{"line":8,"column":24},"end":{"line":8,"column":52}}},"fnMap":{},"branchMap":{},"s":{"0":2,"1":2,"2":2,"3":2},"f":{},"b":{},"_coverageSchema":"332fd63041d2c1bcb487cc26dd0d5f7d97098a6c","hash":"3f522b0fd8d2de1d45b08ef6864d56779f4d1071"}
,"/Users/Xou/react_native_workspace/DatavatarApp/src/assets/images/garmin-logo.png": {"path":"/Users/Xou/react_native_workspace/DatavatarApp/src/assets/images/garmin-logo.png","statementMap":{"0":{"start":{"line":1,"column":0},"end":{"line":4,"column":6}}},"fnMap":{},"branchMap":{},"s":{"0":2},"f":{},"b":{},"_coverageSchema":"332fd63041d2c1bcb487cc26dd0d5f7d97098a6c","hash":"42fc5db7734839a05201ba9a5c944b323e3cf3a5"}
,"/Users/Xou/react_native_workspace/DatavatarApp/src/assets/images/strava-logo.png": {"path":"/Users/Xou/react_native_workspace/DatavatarApp/src/assets/images/strava-logo.png","statementMap":{"0":{"start":{"line":1,"column":0},"end":{"line":4,"column":6}}},"fnMap":{},"branchMap":{},"s":{"0":2},"f":{},"b":{},"_coverageSchema":"332fd63041d2c1bcb487cc26dd0d5f7d97098a6c","hash":"8df3f970b81670f011b9d274ba154a33165fb37e"}
,"/Users/Xou/react_native_workspace/DatavatarApp/src/components/tracker_grid/index.js": {"path":"/Users/Xou/react_native_workspace/DatavatarApp/src/components/tracker_grid/index.js","statementMap":{"0":{"start":{"line":1,"column":42},"end":{"line":1,"column":97}},"1":{"start":{"line":1,"column":98},"end":{"line":1,"column":160}},"2":{"start":{"line":1,"column":160},"end":{"line":1,"column":185}},"3":{"start":{"line":1,"column":201},"end":{"line":1,"column":266}},"4":{"start":{"line":1,"column":290},"end":{"line":1,"column":362}},"5":{"start":{"line":1,"column":383},"end":{"line":1,"column":452}},"6":{"start":{"line":1,"column":487},"end":{"line":1,"column":570}},"7":{"start":{"line":1,"column":594},"end":{"line":1,"column":666}},"8":{"start":{"line":1,"column":684},"end":{"line":1,"column":750}},"9":{"start":{"line":1,"column":764},"end":{"line":1,"column":804}},"10":{"start":{"line":2,"column":17},"end":{"line":2,"column":62}},"11":{"start":{"line":3,"column":28},"end":{"line":3,"column":86}},"12":{"start":{"line":4,"column":14},"end":{"line":4,"column":57}},"13":{"start":{"line":5,"column":25},"end":{"line":5,"column":80}},"14":{"start":{"line":5,"column":100},"end":{"line":5,"column":185}},"15":{"start":{"line":7,"column":16},"end":{"line":20,"column":58}},"16":{"start":{"line":7,"column":45},"end":{"line":7,"column":102}},"17":{"start":{"line":7,"column":128},"end":{"line":7,"column":179}},"18":{"start":{"line":7,"column":179},"end":{"line":7,"column":302}},"19":{"start":{"line":7,"column":303},"end":{"line":20,"column":10}},"20":{"start":{"line":9,"column":6},"end":{"line":9,"column":16}},"21":{"start":{"line":9,"column":31},"end":{"line":9,"column":54}},"22":{"start":{"line":9,"column":70},"end":{"line":9,"column":94}},"23":{"start":{"line":9,"column":109},"end":{"line":9,"column":132}},"24":{"start":{"line":10,"column":6},"end":{"line":16,"column":284}},"25":{"start":{"line":15,"column":49},"end":{"line":16,"column":224}},"26":{"start":{"line":20,"column":10},"end":{"line":20,"column":31}},"27":{"start":{"line":20,"column":59},"end":{"line":20,"column":91}},"28":{"start":{"line":23,"column":0},"end":{"line":26,"column":53}}},"fnMap":{"0":{"name":"(anonymous_0)","decl":{"start":{"line":7,"column":16},"end":{"line":7,"column":17}},"loc":{"start":{"line":7,"column":44},"end":{"line":20,"column":32}},"line":7},"1":{"name":"GridComponent","decl":{"start":{"line":7,"column":111},"end":{"line":7,"column":124}},"loc":{"start":{"line":7,"column":127},"end":{"line":7,"column":303}},"line":7},"2":{"name":"render","decl":{"start":{"line":7,"column":379},"end":{"line":7,"column":385}},"loc":{"start":{"line":8,"column":4},"end":{"line":20,"column":5}},"line":8},"3":{"name":"renderItem","decl":{"start":{"line":15,"column":31},"end":{"line":15,"column":41}},"loc":{"start":{"line":15,"column":48},"end":{"line":16,"column":225}},"line":15}},"branchMap":{},"s":{"0":1,"1":1,"2":1,"3":1,"4":1,"5":1,"6":1,"7":1,"8":1,"9":1,"10":1,"11":1,"12":1,"13":1,"14":1,"15":1,"16":1,"17":1,"18":1,"19":1,"20":1,"21":1,"22":1,"23":1,"24":1,"25":2,"26":1,"27":1,"28":1},"f":{"0":1,"1":1,"2":1,"3":2},"b":{},"_coverageSchema":"332fd63041d2c1bcb487cc26dd0d5f7d97098a6c","hash":"a9a75c0284aec815219e2f7dc1f515d9d3a2aa41"}
,"/Users/Xou/react_native_workspace/DatavatarApp/src/components/tracker_grid/styles.js": {"path":"/Users/Xou/react_native_workspace/DatavatarApp/src/components/tracker_grid/styles.js","statementMap":{"0":{"start":{"line":1,"column":13},"end":{"line":1,"column":75}},"1":{"start":{"line":1,"column":75},"end":{"line":1,"column":100}},"2":{"start":{"line":1,"column":119},"end":{"line":1,"column":142}},"3":{"start":{"line":3,"column":13},"end":{"line":5,"column":23}},"4":{"start":{"line":9,"column":0},"end":{"line":9,"column":6}},"5":{"start":{"line":9,"column":7},"end":{"line":9,"column":34}}},"fnMap":{},"branchMap":{},"s":{"0":1,"1":1,"2":1,"3":1,"4":1,"5":1},"f":{},"b":{},"_coverageSchema":"332fd63041d2c1bcb487cc26dd0d5f7d97098a6c","hash":"66218a6f0ba5eecca156aba060f312e1a98f4aee"}
,"/Users/Xou/react_native_workspace/DatavatarApp/src/components/tracker_grid_item/index.js": {"path":"/Users/Xou/react_native_workspace/DatavatarApp/src/components/tracker_grid_item/index.js","statementMap":{"0":{"start":{"line":1,"column":42},"end":{"line":1,"column":97}},"1":{"start":{"line":1,"column":98},"end":{"line":1,"column":160}},"2":{"start":{"line":1,"column":160},"end":{"line":1,"column":185}},"3":{"start":{"line":1,"column":208},"end":{"line":1,"column":280}},"4":{"start":{"line":1,"column":301},"end":{"line":1,"column":370}},"5":{"start":{"line":1,"column":405},"end":{"line":1,"column":488}},"6":{"start":{"line":1,"column":512},"end":{"line":1,"column":584}},"7":{"start":{"line":1,"column":602},"end":{"line":1,"column":668}},"8":{"start":{"line":1,"column":682},"end":{"line":1,"column":722}},"9":{"start":{"line":2,"column":19},"end":{"line":2,"column":42}},"10":{"start":{"line":3,"column":17},"end":{"line":3,"column":62}},"11":{"start":{"line":4,"column":14},"end":{"line":4,"column":57}},"12":{"start":{"line":4,"column":77},"end":{"line":4,"column":167}},"13":{"start":{"line":6,"column":18},"end":{"line":32,"column":60}},"14":{"start":{"line":6,"column":47},"end":{"line":6,"column":106}},"15":{"start":{"line":6,"column":134},"end":{"line":6,"column":187}},"16":{"start":{"line":6,"column":187},"end":{"line":6,"column":312}},"17":{"start":{"line":6,"column":313},"end":{"line":32,"column":10}},"18":{"start":{"line":8,"column":6},"end":{"line":8,"column":16}},"19":{"start":{"line":8,"column":31},"end":{"line":8,"column":54}},"20":{"start":{"line":8,"column":70},"end":{"line":8,"column":94}},"21":{"start":{"line":8,"column":102},"end":{"line":8,"column":118}},"22":{"start":{"line":9,"column":6},"end":{"line":28,"column":165}},"23":{"start":{"line":12,"column":12},"end":{"line":12,"column":30}},"24":{"start":{"line":32,"column":10},"end":{"line":32,"column":33}},"25":{"start":{"line":32,"column":61},"end":{"line":32,"column":95}},"26":{"start":{"line":35,"column":0},"end":{"line":38,"column":47}}},"fnMap":{"0":{"name":"(anonymous_0)","decl":{"start":{"line":6,"column":18},"end":{"line":6,"column":19}},"loc":{"start":{"line":6,"column":46},"end":{"line":32,"column":34}},"line":6},"1":{"name":"TrackerGridItem","decl":{"start":{"line":6,"column":115},"end":{"line":6,"column":130}},"loc":{"start":{"line":6,"column":133},"end":{"line":6,"column":313}},"line":6},"2":{"name":"render","decl":{"start":{"line":6,"column":391},"end":{"line":6,"column":397}},"loc":{"start":{"line":7,"column":4},"end":{"line":32,"column":5}},"line":7},"3":{"name":"onPress","decl":{"start":{"line":11,"column":28},"end":{"line":11,"column":35}},"loc":{"start":{"line":11,"column":38},"end":{"line":13,"column":11}},"line":11}},"branchMap":{},"s":{"0":2,"1":2,"2":2,"3":2,"4":2,"5":2,"6":2,"7":2,"8":2,"9":2,"10":2,"11":2,"12":2,"13":2,"14":2,"15":3,"16":3,"17":2,"18":3,"19":3,"20":3,"21":3,"22":3,"23":0,"24":2,"25":2,"26":2},"f":{"0":2,"1":3,"2":3,"3":0},"b":{},"_coverageSchema":"332fd63041d2c1bcb487cc26dd0d5f7d97098a6c","hash":"4fdf16d18ba325f2170780161763ff5578130666"}
,"/Users/Xou/react_native_workspace/DatavatarApp/src/components/tracker_grid_item/styles.js": {"path":"/Users/Xou/react_native_workspace/DatavatarApp/src/components/tracker_grid_item/styles.js","statementMap":{"0":{"start":{"line":1,"column":13},"end":{"line":1,"column":75}},"1":{"start":{"line":1,"column":75},"end":{"line":1,"column":100}},"2":{"start":{"line":1,"column":119},"end":{"line":1,"column":142}},"3":{"start":{"line":3,"column":13},"end":{"line":22,"column":16}},"4":{"start":{"line":25,"column":0},"end":{"line":25,"column":6}},"5":{"start":{"line":25,"column":7},"end":{"line":25,"column":34}}},"fnMap":{},"branchMap":{},"s":{"0":2,"1":2,"2":2,"3":2,"4":2,"5":2},"f":{},"b":{},"_coverageSchema":"332fd63041d2c1bcb487cc26dd0d5f7d97098a6c","hash":"729b198027791b6cc26c75caf20e6d74f400b156"}
,"/Users/Xou/react_native_workspace/DatavatarApp/src/store/async_storage/index.js": {"path":"/Users/Xou/react_native_workspace/DatavatarApp/src/store/async_storage/index.js","statementMap":{"0":{"start":{"line":1,"column":42},"end":{"line":1,"column":97}},"1":{"start":{"line":1,"column":98},"end":{"line":1,"column":160}},"2":{"start":{"line":1,"column":160},"end":{"line":1,"column":289}},"3":{"start":{"line":1,"column":315},"end":{"line":1,"column":390}},"4":{"start":{"line":1,"column":410},"end":{"line":1,"column":433}},"5":{"start":{"line":2,"column":14},"end":{"line":2,"column":61}},"6":{"start":{"line":9,"column":15},"end":{"line":15,"column":1}},"7":{"start":{"line":10,"column":2},"end":{"line":12,"column":3}},"8":{"start":{"line":11,"column":4},"end":{"line":11,"column":73}},"9":{"start":{"line":13,"column":14},"end":{"line":13,"column":83}},"10":{"start":{"line":13,"column":39},"end":{"line":13,"column":81}},"11":{"start":{"line":14,"column":2},"end":{"line":14,"column":51}},"12":{"start":{"line":15,"column":2},"end":{"line":15,"column":30}},"13":{"start":{"line":22,"column":17},"end":{"line":27,"column":1}},"14":{"start":{"line":23,"column":2},"end":{"line":25,"column":3}},"15":{"start":{"line":24,"column":4},"end":{"line":24,"column":54}},"16":{"start":{"line":26,"column":2},"end":{"line":26,"column":51}},"17":{"start":{"line":27,"column":2},"end":{"line":27,"column":34}},"18":{"start":{"line":34,"column":19},"end":{"line":41,"column":1}},"19":{"start":{"line":35,"column":2},"end":{"line":37,"column":3}},"20":{"start":{"line":36,"column":4},"end":{"line":36,"column":101}},"21":{"start":{"line":36,"column":73},"end":{"line":36,"column":98}},"22":{"start":{"line":38,"column":2},"end":{"line":39,"column":70}},"23":{"start":{"line":38,"column":73},"end":{"line":39,"column":67}},"24":{"start":{"line":39,"column":35},"end":{"line":39,"column":63}},"25":{"start":{"line":41,"column":2},"end":{"line":41,"column":38}},"26":{"start":{"line":49,"column":17},"end":{"line":54,"column":9}},"27":{"start":{"line":49,"column":50},"end":{"line":54,"column":8}},"28":{"start":{"line":52,"column":6},"end":{"line":52,"column":79}},"29":{"start":{"line":53,"column":6},"end":{"line":53,"column":81}},"30":{"start":{"line":54,"column":10},"end":{"line":54,"column":42}},"31":{"start":{"line":59,"column":15},"end":{"line":59,"column":83}},"32":{"start":{"line":59,"column":36},"end":{"line":59,"column":82}},"33":{"start":{"line":59,"column":84},"end":{"line":59,"column":112}},"34":{"start":{"line":66,"column":15},"end":{"line":78,"column":9}},"35":{"start":{"line":66,"column":46},"end":{"line":78,"column":8}},"36":{"start":{"line":68,"column":6},"end":{"line":71,"column":7}},"37":{"start":{"line":70,"column":8},"end":{"line":70,"column":38}},"38":{"start":{"line":72,"column":6},"end":{"line":74,"column":7}},"39":{"start":{"line":73,"column":8},"end":{"line":73,"column":93}},"40":{"start":{"line":75,"column":6},"end":{"line":76,"column":87}},"41":{"start":{"line":78,"column":10},"end":{"line":78,"column":38}}},"fnMap":{"0":{"name":"saveData","decl":{"start":{"line":9,"column":24},"end":{"line":9,"column":32}},"loc":{"start":{"line":9,"column":45},"end":{"line":15,"column":1}},"line":9},"1":{"name":"(anonymous_1)","decl":{"start":{"line":13,"column":22},"end":{"line":13,"column":23}},"loc":{"start":{"line":13,"column":38},"end":{"line":13,"column":82}},"line":13},"2":{"name":"removeData","decl":{"start":{"line":22,"column":26},"end":{"line":22,"column":36}},"loc":{"start":{"line":22,"column":42},"end":{"line":27,"column":1}},"line":22},"3":{"name":"retrieveData","decl":{"start":{"line":34,"column":28},"end":{"line":34,"column":40}},"loc":{"start":{"line":34,"column":46},"end":{"line":41,"column":1}},"line":34},"4":{"name":"(anonymous_4)","decl":{"start":{"line":36,"column":55},"end":{"line":36,"column":56}},"loc":{"start":{"line":36,"column":72},"end":{"line":36,"column":99}},"line":36},"5":{"name":"(anonymous_5)","decl":{"start":{"line":38,"column":54},"end":{"line":38,"column":55}},"loc":{"start":{"line":38,"column":72},"end":{"line":39,"column":68}},"line":38},"6":{"name":"(anonymous_6)","decl":{"start":{"line":39,"column":17},"end":{"line":39,"column":18}},"loc":{"start":{"line":39,"column":34},"end":{"line":39,"column":64}},"line":39},"7":{"name":"updateData","decl":{"start":{"line":49,"column":26},"end":{"line":49,"column":36}},"loc":{"start":{"line":49,"column":49},"end":{"line":54,"column":9}},"line":49},"8":{"name":"(anonymous_8)","decl":{"start":{"line":50,"column":27},"end":{"line":50,"column":28}},"loc":{"start":{"line":50,"column":43},"end":{"line":54,"column":5}},"line":50},"9":{"name":"keysData","decl":{"start":{"line":59,"column":24},"end":{"line":59,"column":32}},"loc":{"start":{"line":59,"column":35},"end":{"line":59,"column":83}},"line":59},"10":{"name":"pushData","decl":{"start":{"line":66,"column":24},"end":{"line":66,"column":32}},"loc":{"start":{"line":66,"column":45},"end":{"line":78,"column":9}},"line":66},"11":{"name":"(anonymous_11)","decl":{"start":{"line":67,"column":27},"end":{"line":67,"column":28}},"loc":{"start":{"line":67,"column":51},"end":{"line":78,"column":5}},"line":67}},"branchMap":{"0":{"loc":{"start":{"line":10,"column":2},"end":{"line":12,"column":3}},"type":"if","locations":[{"start":{"line":10,"column":2},"end":{"line":12,"column":3}},{"start":{"line":10,"column":2},"end":{"line":12,"column":3}}],"line":10},"1":{"loc":{"start":{"line":23,"column":2},"end":{"line":25,"column":3}},"type":"if","locations":[{"start":{"line":23,"column":2},"end":{"line":25,"column":3}},{"start":{"line":23,"column":2},"end":{"line":25,"column":3}}],"line":23},"2":{"loc":{"start":{"line":35,"column":2},"end":{"line":37,"column":3}},"type":"if","locations":[{"start":{"line":35,"column":2},"end":{"line":37,"column":3}},{"start":{"line":35,"column":2},"end":{"line":37,"column":3}}],"line":35},"3":{"loc":{"start":{"line":52,"column":6},"end":{"line":52,"column":79}},"type":"cond-expr","locations":[{"start":{"line":52,"column":34},"end":{"line":52,"column":39}},{"start":{"line":52,"column":42},"end":{"line":52,"column":79}}],"line":52},"4":{"loc":{"start":{"line":68,"column":6},"end":{"line":71,"column":7}},"type":"if","locations":[{"start":{"line":68,"column":6},"end":{"line":71,"column":7}},{"start":{"line":68,"column":6},"end":{"line":71,"column":7}}],"line":68},"5":{"loc":{"start":{"line":72,"column":6},"end":{"line":74,"column":7}},"type":"if","locations":[{"start":{"line":72,"column":6},"end":{"line":74,"column":7}},{"start":{"line":72,"column":6},"end":{"line":74,"column":7}}],"line":72}},"s":{"0":1,"1":1,"2":1,"3":1,"4":1,"5":1,"6":1,"7":5,"8":4,"9":1,"10":2,"11":1,"12":1,"13":1,"14":2,"15":1,"16":1,"17":1,"18":1,"19":7,"20":6,"21":6,"22":1,"23":1,"24":2,"25":1,"26":1,"27":2,"28":2,"29":2,"30":1,"31":1,"32":1,"33":1,"34":1,"35":3,"36":3,"37":1,"38":2,"39":1,"40":1,"41":1},"f":{"0":5,"1":2,"2":2,"3":7,"4":6,"5":1,"6":2,"7":2,"8":2,"9":1,"10":3,"11":3},"b":{"0":[4,1],"1":[1,1],"2":[6,1],"3":[1,1],"4":[1,2],"5":[1,1]},"_coverageSchema":"332fd63041d2c1bcb487cc26dd0d5f7d97098a6c","hash":"c435f6426984a11b9d9db2a729c73d6435033bf1"}
,"/Users/Xou/react_native_workspace/DatavatarApp/src/store/realm/queries/db.js": {"path":"/Users/Xou/react_native_workspace/DatavatarApp/src/store/realm/queries/db.js","statementMap":{"0":{"start":{"line":1,"column":42},"end":{"line":1,"column":97}},"1":{"start":{"line":1,"column":98},"end":{"line":1,"column":160}},"2":{"start":{"line":1,"column":160},"end":{"line":1,"column":185}},"3":{"start":{"line":1,"column":208},"end":{"line":1,"column":280}},"4":{"start":{"line":2,"column":0},"end":{"line":75,"column":54}},"5":{"start":{"line":2,"column":41},"end":{"line":2,"column":45}},"6":{"start":{"line":2,"column":46},"end":{"line":2,"column":86}},"7":{"start":{"line":2,"column":86},"end":{"line":18,"column":20}},"8":{"start":{"line":7,"column":35},"end":{"line":18,"column":18}},"9":{"start":{"line":8,"column":46},"end":{"line":18,"column":14}},"10":{"start":{"line":11,"column":12},"end":{"line":14,"column":15}},"11":{"start":{"line":12,"column":14},"end":{"line":12,"column":40}},"12":{"start":{"line":13,"column":14},"end":{"line":13,"column":24}},"13":{"start":{"line":17,"column":12},"end":{"line":17,"column":26}},"14":{"start":{"line":18,"column":20},"end":{"line":43,"column":12}},"15":{"start":{"line":29,"column":41},"end":{"line":29,"column":111}},"16":{"start":{"line":29,"column":112},"end":{"line":43,"column":10}},"17":{"start":{"line":31,"column":8},"end":{"line":42,"column":11}},"18":{"start":{"line":33,"column":24},"end":{"line":33,"column":44}},"19":{"start":{"line":34,"column":10},"end":{"line":38,"column":11}},"20":{"start":{"line":35,"column":12},"end":{"line":35,"column":46}},"21":{"start":{"line":37,"column":12},"end":{"line":37,"column":29}},"22":{"start":{"line":41,"column":10},"end":{"line":41,"column":24}},"23":{"start":{"line":43,"column":12},"end":{"line":63,"column":12}},"24":{"start":{"line":45,"column":40},"end":{"line":45,"column":117}},"25":{"start":{"line":45,"column":118},"end":{"line":63,"column":10}},"26":{"start":{"line":47,"column":8},"end":{"line":62,"column":11}},"27":{"start":{"line":49,"column":10},"end":{"line":58,"column":13}},"28":{"start":{"line":51,"column":12},"end":{"line":55,"column":13}},"29":{"start":{"line":52,"column":14},"end":{"line":52,"column":67}},"30":{"start":{"line":54,"column":14},"end":{"line":54,"column":46}},"31":{"start":{"line":56,"column":12},"end":{"line":56,"column":35}},"32":{"start":{"line":57,"column":12},"end":{"line":57,"column":22}},"33":{"start":{"line":61,"column":10},"end":{"line":61,"column":24}},"34":{"start":{"line":63,"column":12},"end":{"line":75,"column":12}},"35":{"start":{"line":65,"column":35},"end":{"line":75,"column":10}},"36":{"start":{"line":67,"column":8},"end":{"line":74,"column":56}},"37":{"start":{"line":69,"column":10},"end":{"line":72,"column":13}},"38":{"start":{"line":70,"column":12},"end":{"line":70,"column":44}},"39":{"start":{"line":71,"column":12},"end":{"line":71,"column":22}},"40":{"start":{"line":74,"column":32},"end":{"line":74,"column":53}},"41":{"start":{"line":75,"column":12},"end":{"line":75,"column":33}},"42":{"start":{"line":75,"column":33},"end":{"line":75,"column":53}},"43":{"start":{"line":75,"column":55},"end":{"line":75,"column":76}}},"fnMap":{"0":{"name":"DB","decl":{"start":{"line":2,"column":9},"end":{"line":2,"column":11}},"loc":{"start":{"line":2,"column":28},"end":{"line":75,"column":54}},"line":2},"1":{"name":"(anonymous_1)","decl":{"start":{"line":7,"column":11},"end":{"line":7,"column":12}},"loc":{"start":{"line":7,"column":34},"end":{"line":18,"column":19}},"line":7},"2":{"name":"(anonymous_2)","decl":{"start":{"line":8,"column":18},"end":{"line":8,"column":19}},"loc":{"start":{"line":8,"column":45},"end":{"line":18,"column":15}},"line":8},"3":{"name":"(anonymous_3)","decl":{"start":{"line":10,"column":15},"end":{"line":10,"column":16}},"loc":{"start":{"line":10,"column":32},"end":{"line":15,"column":11}},"line":10},"4":{"name":"(anonymous_4)","decl":{"start":{"line":11,"column":24},"end":{"line":11,"column":25}},"loc":{"start":{"line":11,"column":36},"end":{"line":14,"column":13}},"line":11},"5":{"name":"(anonymous_5)","decl":{"start":{"line":16,"column":16},"end":{"line":16,"column":17}},"loc":{"start":{"line":16,"column":33},"end":{"line":18,"column":11}},"line":16},"6":{"name":"(anonymous_6)","decl":{"start":{"line":29,"column":10},"end":{"line":29,"column":11}},"loc":{"start":{"line":29,"column":27},"end":{"line":43,"column":11}},"line":29},"7":{"name":"(anonymous_7)","decl":{"start":{"line":30,"column":18},"end":{"line":30,"column":19}},"loc":{"start":{"line":30,"column":45},"end":{"line":43,"column":7}},"line":30},"8":{"name":"(anonymous_8)","decl":{"start":{"line":32,"column":13},"end":{"line":32,"column":14}},"loc":{"start":{"line":32,"column":30},"end":{"line":39,"column":9}},"line":32},"9":{"name":"(anonymous_9)","decl":{"start":{"line":40,"column":14},"end":{"line":40,"column":15}},"loc":{"start":{"line":40,"column":31},"end":{"line":42,"column":9}},"line":40},"10":{"name":"(anonymous_10)","decl":{"start":{"line":45,"column":11},"end":{"line":45,"column":12}},"loc":{"start":{"line":45,"column":28},"end":{"line":63,"column":11}},"line":45},"11":{"name":"(anonymous_11)","decl":{"start":{"line":46,"column":18},"end":{"line":46,"column":19}},"loc":{"start":{"line":46,"column":45},"end":{"line":63,"column":7}},"line":46},"12":{"name":"(anonymous_12)","decl":{"start":{"line":48,"column":13},"end":{"line":48,"column":14}},"loc":{"start":{"line":48,"column":30},"end":{"line":59,"column":9}},"line":48},"13":{"name":"(anonymous_13)","decl":{"start":{"line":49,"column":22},"end":{"line":49,"column":23}},"loc":{"start":{"line":49,"column":34},"end":{"line":58,"column":11}},"line":49},"14":{"name":"(anonymous_14)","decl":{"start":{"line":60,"column":14},"end":{"line":60,"column":15}},"loc":{"start":{"line":60,"column":31},"end":{"line":62,"column":9}},"line":60},"15":{"name":"(anonymous_15)","decl":{"start":{"line":65,"column":11},"end":{"line":65,"column":12}},"loc":{"start":{"line":65,"column":34},"end":{"line":75,"column":11}},"line":65},"16":{"name":"(anonymous_16)","decl":{"start":{"line":66,"column":18},"end":{"line":66,"column":19}},"loc":{"start":{"line":66,"column":45},"end":{"line":75,"column":7}},"line":66},"17":{"name":"(anonymous_17)","decl":{"start":{"line":68,"column":13},"end":{"line":68,"column":14}},"loc":{"start":{"line":68,"column":30},"end":{"line":73,"column":9}},"line":68},"18":{"name":"(anonymous_18)","decl":{"start":{"line":69,"column":22},"end":{"line":69,"column":23}},"loc":{"start":{"line":69,"column":34},"end":{"line":72,"column":11}},"line":69},"19":{"name":"(anonymous_19)","decl":{"start":{"line":74,"column":14},"end":{"line":74,"column":15}},"loc":{"start":{"line":74,"column":31},"end":{"line":74,"column":54}},"line":74}},"branchMap":{"0":{"loc":{"start":{"line":29,"column":41},"end":{"line":29,"column":111}},"type":"cond-expr","locations":[{"start":{"line":29,"column":94},"end":{"line":29,"column":106}},{"start":{"line":29,"column":109},"end":{"line":29,"column":111}}],"line":29},"1":{"loc":{"start":{"line":29,"column":41},"end":{"line":29,"column":91}},"type":"binary-expr","locations":[{"start":{"line":29,"column":41},"end":{"line":29,"column":61}},{"start":{"line":29,"column":65},"end":{"line":29,"column":91}}],"line":29},"2":{"loc":{"start":{"line":34,"column":10},"end":{"line":38,"column":11}},"type":"if","locations":[{"start":{"line":34,"column":10},"end":{"line":38,"column":11}},{"start":{"line":34,"column":10},"end":{"line":38,"column":11}}],"line":34},"3":{"loc":{"start":{"line":45,"column":40},"end":{"line":45,"column":117}},"type":"cond-expr","locations":[{"start":{"line":45,"column":93},"end":{"line":45,"column":105}},{"start":{"line":45,"column":108},"end":{"line":45,"column":117}}],"line":45},"4":{"loc":{"start":{"line":45,"column":40},"end":{"line":45,"column":90}},"type":"binary-expr","locations":[{"start":{"line":45,"column":40},"end":{"line":45,"column":60}},{"start":{"line":45,"column":64},"end":{"line":45,"column":90}}],"line":45},"5":{"loc":{"start":{"line":51,"column":12},"end":{"line":55,"column":13}},"type":"if","locations":[{"start":{"line":51,"column":12},"end":{"line":55,"column":13}},{"start":{"line":51,"column":12},"end":{"line":55,"column":13}}],"line":51}},"s":{"0":1,"1":1,"2":1,"3":1,"4":1,"5":2,"6":2,"7":2,"8":2,"9":2,"10":1,"11":1,"12":1,"13":1,"14":2,"15":3,"16":3,"17":3,"18":2,"19":2,"20":1,"21":1,"22":1,"23":2,"24":3,"25":3,"26":3,"27":2,"28":2,"29":1,"30":1,"31":2,"32":2,"33":1,"34":2,"35":2,"36":2,"37":1,"38":1,"39":1,"40":1,"41":2,"42":2,"43":1},"f":{"0":2,"1":2,"2":2,"3":1,"4":1,"5":1,"6":3,"7":3,"8":2,"9":1,"10":3,"11":3,"12":2,"13":2,"14":1,"15":2,"16":2,"17":1,"18":1,"19":1},"b":{"0":[1,2],"1":[3,1],"2":[1,1],"3":[1,2],"4":[3,1],"5":[1,1]},"_coverageSchema":"332fd63041d2c1bcb487cc26dd0d5f7d97098a6c","hash":"d10af9b2efe42e45c775fcac6d46e8f35f95de47"}
}
