TN:
SF:/Users/janedoe/react-native-workspace/DatavatarApp/config/jtest/mockData.js
FNF:0
FNH:0
DA:1,2
DA:4,2
DA:15,2
LF:3
LH:3
BRF:0
BRH:0
end_of_record
TN:
SF:/Users/janedoe/react-native-workspace/DatavatarApp/src/api/activity_tracker.js
FN:12,ActivityTracker
FN:79,(anonymous_1)
FN:81,getLstActTrackerSubscribed
FN:82,(anonymous_3)
FN:85,(anonymous_4)
FN:87,(anonymous_5)
FN:92,(anonymous_6)
FNF:7
FNH:2
FNDA:4,ActivityTracker
FNDA:3,(anonymous_1)
FNDA:0,getLstActTrackerSubscribed
FNDA:0,(anonymous_3)
FNDA:0,(anonymous_4)
FNDA:0,(anonymous_5)
FNDA:0,(anonymous_6)
DA:1,1
DA:2,1
DA:3,1
DA:12,4
DA:13,4
DA:14,4
DA:15,4
DA:16,4
DA:17,4
DA:18,4
DA:19,4
DA:20,4
DA:21,4
DA:22,4
DA:26,1
DA:38,1
DA:45,1
DA:52,1
DA:59,1
DA:66,1
DA:69,1
DA:72,1
DA:76,1
DA:79,3
DA:81,1
DA:83,0
DA:86,0
DA:87,0
DA:90,0
DA:93,0
DA:94,0
DA:96,1
LF:32
LH:26
BRF:0
BRH:0
end_of_record
TN:
SF:/Users/janedoe/react-native-workspace/DatavatarApp/src/api/constant.js
FNF:0
FNH:0
DA:1,1
DA:2,1
DA:3,1
DA:4,1
DA:5,1
DA:7,1
DA:8,1
DA:9,1
DA:10,1
DA:11,1
DA:13,1
DA:14,1
DA:16,1
LF:13
LH:13
BRF:0
BRH:0
end_of_record
TN:
SF:/Users/janedoe/react-native-workspace/DatavatarApp/src/assets/images/add.png
FNF:0
FNH:0
DA:1,2
LF:1
LH:1
BRF:0
BRH:0
end_of_record
TN:
SF:/Users/janedoe/react-native-workspace/DatavatarApp/src/assets/images/fitbit-logo.png
FNF:0
FNH:0
DA:1,1
LF:1
LH:1
BRF:0
BRH:0
end_of_record
TN:
SF:/Users/janedoe/react-native-workspace/DatavatarApp/src/assets/images/garmin-logo.png
FNF:0
FNH:0
DA:1,3
LF:1
LH:1
BRF:0
BRH:0
end_of_record
TN:
SF:/Users/janedoe/react-native-workspace/DatavatarApp/src/assets/images/strava-logo.png
FNF:0
FNH:0
DA:1,3
LF:1
LH:1
BRF:0
BRH:0
end_of_record
TN:
SF:/Users/janedoe/react-native-workspace/DatavatarApp/src/assets/images/withings-logo.png
FNF:0
FNH:0
DA:1,1
LF:1
LH:1
BRF:0
BRH:0
end_of_record
TN:
SF:/Users/janedoe/react-native-workspace/DatavatarApp/src/components/tracker_grid/index.js
FN:7,GridComponent
FN:12,renderItem
FNF:2
FNH:2
FNDA:1,GridComponent
FNDA:2,renderItem
DA:1,1
DA:2,1
DA:3,1
DA:4,1
DA:5,1
DA:7,1
DA:12,2
DA:18,1
DA:32,1
LF:9
LH:9
BRF:0
BRH:0
end_of_record
TN:
SF:/Users/janedoe/react-native-workspace/DatavatarApp/src/components/tracker_grid/styles.js
FNF:0
FNH:0
DA:1,1
DA:3,1
DA:9,1
LF:3
LH:3
BRF:0
BRH:0
end_of_record
TN:
SF:/Users/janedoe/react-native-workspace/DatavatarApp/src/components/tracker_grid_item/index.js
FN:6,TrackerGridItem
FN:8,onPress
FNF:2
FNH:2
FNDA:4,TrackerGridItem
FNDA:1,onPress
DA:1,2
DA:2,2
DA:3,2
DA:4,2
DA:6,4
DA:9,1
DA:29,2
DA:31,2
LF:8
LH:8
BRF:0
BRH:0
end_of_record
TN:
SF:/Users/janedoe/react-native-workspace/DatavatarApp/src/components/tracker_grid_item/styles.js
FNF:0
FNH:0
DA:1,2
DA:3,2
DA:25,2
LF:3
LH:3
BRF:0
BRH:0
end_of_record
TN:
SF:/Users/janedoe/react-native-workspace/DatavatarApp/src/features/home/constant.js
FNF:0
FNH:0
DA:1,2
DA:2,2
DA:3,2
DA:7,2
DA:9,2
DA:12,2
LF:6
LH:6
BRF:0
BRH:0
end_of_record
TN:
SF:/Users/janedoe/react-native-workspace/DatavatarApp/src/features/home/actions/index.js
FN:8,isProcessing
FN:13,loadHasErrored
FN:18,loadSuccess
FN:23,load
FN:23,(anonymous_4)
FN:26,(anonymous_5)
FN:30,(anonymous_6)
FNF:7
FNH:6
FNDA:3,isProcessing
FNDA:1,loadHasErrored
FNDA:2,loadSuccess
FNDA:1,load
FNDA:1,(anonymous_4)
FNDA:1,(anonymous_5)
FNDA:0,(anonymous_6)
DA:1,1
DA:2,1
DA:8,3
DA:10,1
DA:13,1
DA:15,1
DA:18,2
DA:20,1
DA:23,1
DA:24,1
DA:25,1
DA:27,1
DA:28,1
DA:30,0
DA:31,1
LF:15
LH:14
BRF:0
BRH:0
end_of_record
TN:
SF:/Users/janedoe/react-native-workspace/DatavatarApp/src/features/home/reducers/index.js
FN:14,create
FNF:1
FNH:1
FNDA:2,create
DA:1,1
DA:8,1
DA:14,2
DA:15,2
DA:17,1
DA:19,0
DA:21,0
DA:23,1
DA:27,1
LF:9
LH:7
BRDA:14,0,0,1
BRDA:14,0,1,1
BRDA:14,1,0,2
BRDA:14,1,1,2
BRDA:14,2,0,2
BRDA:14,2,1,0
BRDA:15,3,0,1
BRDA:15,3,1,0
BRDA:15,3,2,0
BRDA:15,3,3,1
BRF:10
BRH:7
end_of_record
TN:
SF:/Users/janedoe/react-native-workspace/DatavatarApp/src/store/index.js
FN:1,(anonymous_0)
FN:1,get
FN:2,(anonymous_2)
FN:2,get
FNF:4
FNH:3
FNDA:6,(anonymous_0)
FNDA:4,get
FNDA:6,(anonymous_2)
FNDA:0,get
DA:1,6
DA:2,6
LF:2
LH:2
BRDA:1,0,0,0
BRDA:1,0,1,6
BRDA:1,1,0,6
BRDA:1,1,1,6
BRDA:2,2,0,0
BRDA:2,2,1,6
BRDA:2,3,0,6
BRDA:2,3,1,6
BRF:8
BRH:6
end_of_record
TN:
SF:/Users/janedoe/react-native-workspace/DatavatarApp/src/store/async_storage/index.js
FN:9,saveData
FN:13,(anonymous_1)
FN:22,removeData
FN:34,retrieveData
FN:36,(anonymous_4)
FN:38,(anonymous_5)
FN:39,(anonymous_6)
FN:49,updateData
FN:50,(anonymous_8)
FN:59,keysData
FN:66,pushData
FN:67,(anonymous_11)
FNF:12
FNH:12
FNDA:5,saveData
FNDA:2,(anonymous_1)
FNDA:2,removeData
FNDA:7,retrieveData
FNDA:6,(anonymous_4)
FNDA:1,(anonymous_5)
FNDA:2,(anonymous_6)
FNDA:2,updateData
FNDA:2,(anonymous_8)
FNDA:1,keysData
FNDA:3,pushData
FNDA:3,(anonymous_11)
DA:1,2
DA:2,2
DA:9,2
DA:10,5
DA:11,4
DA:13,2
DA:14,1
DA:15,2
DA:22,2
DA:23,2
DA:24,1
DA:26,1
DA:27,2
DA:34,2
DA:35,7
DA:36,6
DA:38,1
DA:39,2
DA:41,2
DA:49,2
DA:52,2
DA:53,2
DA:54,2
DA:59,2
DA:66,3
DA:68,3
DA:70,1
DA:72,2
DA:73,1
DA:75,1
DA:78,2
LF:31
LH:31
BRDA:10,0,0,4
BRDA:10,0,1,1
BRDA:23,1,0,1
BRDA:23,1,1,1
BRDA:35,2,0,6
BRDA:35,2,1,1
BRDA:52,3,0,1
BRDA:52,3,1,1
BRDA:68,4,0,1
BRDA:68,4,1,2
BRDA:72,5,0,1
BRDA:72,5,1,1
BRF:12
BRH:12
end_of_record
TN:
SF:/Users/janedoe/react-native-workspace/DatavatarApp/src/store/realm/models/activityTracker.js
FNF:0
FNH:0
DA:1,1
DA:3,1
DA:5,1
DA:15,1
DA:19,1
DA:22,1
LF:6
LH:6
BRF:0
BRH:0
end_of_record
TN:
SF:/Users/janedoe/react-native-workspace/DatavatarApp/src/store/realm/queries/db.js
FN:4,DB
FN:8,(anonymous_1)
FN:9,(anonymous_2)
FN:11,(anonymous_3)
FN:12,(anonymous_4)
FN:17,(anonymous_5)
FN:30,(anonymous_6)
FN:31,(anonymous_7)
FN:33,(anonymous_8)
FN:41,(anonymous_9)
FN:46,(anonymous_10)
FN:47,(anonymous_11)
FN:49,(anonymous_12)
FN:50,(anonymous_13)
FN:61,(anonymous_14)
FN:66,(anonymous_15)
FN:67,(anonymous_16)
FN:69,(anonymous_17)
FN:70,(anonymous_18)
FN:75,(anonymous_19)
FNF:20
FNH:20
FNDA:3,DB
FNDA:2,(anonymous_1)
FNDA:2,(anonymous_2)
FNDA:1,(anonymous_3)
FNDA:1,(anonymous_4)
FNDA:1,(anonymous_5)
FNDA:7,(anonymous_6)
FNDA:7,(anonymous_7)
FNDA:2,(anonymous_8)
FNDA:1,(anonymous_9)
FNDA:3,(anonymous_10)
FNDA:3,(anonymous_11)
FNDA:2,(anonymous_12)
FNDA:2,(anonymous_13)
FNDA:1,(anonymous_14)
FNDA:2,(anonymous_15)
FNDA:2,(anonymous_16)
FNDA:1,(anonymous_17)
FNDA:1,(anonymous_18)
FNDA:1,(anonymous_19)
DA:1,2
DA:4,3
DA:8,2
DA:9,2
DA:12,1
DA:13,1
DA:14,1
DA:18,1
DA:19,3
DA:30,7
DA:32,7
DA:34,2
DA:35,2
DA:36,1
DA:38,1
DA:42,1
DA:44,3
DA:46,3
DA:48,3
DA:50,2
DA:52,2
DA:53,1
DA:55,1
DA:57,2
DA:58,2
DA:62,1
DA:64,3
DA:66,2
DA:68,2
DA:70,1
DA:71,1
DA:72,1
DA:75,1
DA:76,3
LF:34
LH:34
BRDA:30,0,0,5
BRDA:30,0,1,2
BRDA:30,1,0,7
BRDA:30,1,1,5
BRDA:35,2,0,1
BRDA:35,2,1,1
BRDA:46,3,0,1
BRDA:46,3,1,2
BRDA:46,4,0,3
BRDA:46,4,1,1
BRDA:52,5,0,1
BRDA:52,5,1,1
BRF:12
BRH:12
end_of_record
TN:
SF:/Users/janedoe/react-native-workspace/DatavatarApp/src/store/realm/queries/dbhelper.js
FN:7,addActTracker
FN:8,(anonymous_1)
FN:13,(anonymous_2)
FN:16,(anonymous_3)
FN:21,getLstActTracker
FN:22,(anonymous_5)
FN:24,(anonymous_6)
FN:27,(anonymous_7)
FN:32,removeActTracker
FN:33,(anonymous_9)
FN:35,(anonymous_10)
FN:38,(anonymous_11)
FN:43,removeAllActTracker
FN:44,(anonymous_13)
FN:46,(anonymous_14)
FN:49,(anonymous_15)
FN:54,updateActTracker
FN:55,(anonymous_17)
FN:57,(anonymous_18)
FN:60,(anonymous_19)
FN:65,isExist
FN:66,(anonymous_21)
FN:68,(anonymous_22)
FN:71,(anonymous_23)
FNF:24
FNH:2
FNDA:0,addActTracker
FNDA:0,(anonymous_1)
FNDA:0,(anonymous_2)
FNDA:0,(anonymous_3)
FNDA:0,getLstActTracker
FNDA:0,(anonymous_5)
FNDA:0,(anonymous_6)
FNDA:0,(anonymous_7)
FNDA:0,removeActTracker
FNDA:0,(anonymous_9)
FNDA:0,(anonymous_10)
FNDA:0,(anonymous_11)
FNDA:0,removeAllActTracker
FNDA:0,(anonymous_13)
FNDA:0,(anonymous_14)
FNDA:0,(anonymous_15)
FNDA:0,updateActTracker
FNDA:0,(anonymous_17)
FNDA:0,(anonymous_18)
FNDA:0,(anonymous_19)
FNDA:4,isExist
FNDA:4,(anonymous_21)
FNDA:0,(anonymous_22)
FNDA:0,(anonymous_23)
DA:1,1
DA:2,1
DA:3,1
DA:5,1
DA:7,1
DA:9,0
DA:12,0
DA:14,0
DA:17,0
DA:19,1
DA:21,1
DA:23,0
DA:25,0
DA:28,0
DA:30,1
DA:32,1
DA:34,0
DA:36,0
DA:39,0
DA:41,1
DA:43,1
DA:45,0
DA:47,0
DA:50,0
DA:52,1
DA:54,1
DA:56,0
DA:58,0
DA:61,0
DA:63,1
DA:65,4
DA:67,4
DA:69,0
DA:72,0
DA:74,1
LF:35
LH:17
BRF:0
BRH:0
end_of_record
